<?xml version="1.0" encoding="UTF-8"?>
<!-- Generated by org.testng.reporters.JUnitXMLReporter -->
<testsuite ignored="0" hostname="INBOOK_Y2_PLUS" failures="0" tests="4" name="Test1" time="92.996" errors="0" timestamp="2025-08-20T21:53:48 IST">
  <testcase classname="scripts.CreateCountryFilter" name="tc1" time="20.142"/>
  <testcase classname="scripts.CreateCityFilter" name="tc2" time="30.195"/>
  <testcase classname="scripts.CreateStateFilter" name="tc2" time="25.006"/>
  <testcase classname="scripts.CreateUser" name="tc4" time="85.283"/>
</testsuite> <!-- Test1 -->
