<?xml version="1.0" encoding="UTF-8"?>
<!-- Generated by org.testng.reporters.JUnitXMLReporter -->
<testsuite ignored="0" hostname="INBOOK_Y2_PLUS" failures="0" tests="5" name="Test1" time="8570.723" errors="0" timestamp="2025-12-07T20:38:44 IST">
  <testcase classname="scripts.CreateStateFilter" name="tc2" time="15.083"/>
  <testcase classname="scripts.CreateCityFilter" name="tc2" time="15.127"/>
  <testcase classname="scripts.DOB" name="cal" time="27.469"/>
  <testcase classname="scripts.CreateUser" name="tc4" time="65.343"/>
  <testcase classname="scripts.CreateCountryFilter" name="tc1" time="16.165"/>
</testsuite> <!-- Test1 -->
