<?xml version="1.0" encoding="UTF-8"?>
<!-- Generated by org.testng.reporters.JUnitXMLReporter -->
<testsuite ignored="0" hostname="INBOOK_Y2_PLUS" failures="1" tests="1" name="Test" time="28.649" errors="0" timestamp="2025-09-03T20:58:52 IST">
  <testcase classname="scripts.EditCountry" name="editCountry" time="21.805">
    <failure type="java.lang.AssertionError" message="expected [Success ! Country Update successfully] but found [Success ! Country Update successfully!]">
      <![CDATA[java.lang.AssertionError: expected [Success ! Country Update successfully] but found [Success ! Country Update successfully!]
at scripts.EditCountry.editCountry(EditCountry.java:62)
at java.base/java.util.ArrayList.forEach(ArrayList.java:1596)
... Removed 31 stack frames]]>
    </failure>
  </testcase> <!-- editCountry -->
</testsuite> <!-- Test -->
