<?xml version="1.0" encoding="UTF-8"?>
<!-- Generated by org.testng.reporters.JUnitXMLReporter -->
<testsuite ignored="0" hostname="INBOOK_Y2_PLUS" failures="0" tests="5" name="Test1" time="196.741" errors="0" timestamp="2025-12-07T18:21:33 IST">
  <testcase classname="scripts.CreateCountryFilter" name="tc1" time="16.146"/>
  <testcase classname="scripts.CreateStateFilter" name="tc2" time="12.941"/>
  <testcase classname="scripts.CreateCityFilter" name="tc2" time="13.181"/>
  <testcase classname="scripts.CreateUser" name="tc4" time="61.128"/>
  <testcase classname="scripts.DOB" name="cal" time="23.879"/>
</testsuite> <!-- Test1 -->
