<?xml version="1.0" encoding="UTF-8"?>
<!-- Generated by org.testng.reporters.JUnitXMLReporter -->
<testsuite ignored="0" hostname="INBOOK_Y2_PLUS" failures="0" tests="4" name="Test1" time="68.703" errors="0" timestamp="2025-12-07T11:30:21 IST">
  <testcase classname="scripts.CreateStateFilter" name="tc2" time="13.752"/>
  <testcase classname="scripts.CreateCityFilter" name="tc2" time="19.255"/>
  <testcase classname="scripts.CreateCountryFilter" name="tc1" time="19.414"/>
  <testcase classname="scripts.CreateUser" name="tc4" time="64.185"/>
</testsuite> <!-- Test1 -->
