<?xml version="1.0" encoding="UTF-8"?>
<!-- Generated by org.testng.reporters.JUnitXMLReporter -->
<testsuite ignored="0" hostname="INBOOK_Y2_PLUS" failures="0" tests="4" name="Test1" time="74.456" errors="0" timestamp="2025-12-07T12:45:16 IST">
  <testcase classname="scripts.CreateCountryFilter" name="tc1" time="16.284"/>
  <testcase classname="scripts.CreateStateFilter" name="tc2" time="14.58"/>
  <testcase classname="scripts.CreateCityFilter" name="tc2" time="15.164"/>
  <testcase classname="scripts.CreateUser" name="tc4" time="63.381"/>
</testsuite> <!-- Test1 -->
