<?xml version="1.0" encoding="UTF-8"?>
<testng-results ignored="0" total="5" passed="5" failed="0" skipped="0">
  <reporter-output>
  </reporter-output>
  <suite started-at="2025-12-07T18:15:53 IST" name="Suite" finished-at="2025-12-07T20:38:44 IST" duration-ms="8570723">
    <groups>
    </groups>
    <test started-at="2025-12-07T18:15:53 IST" name="Test1" finished-at="2025-12-07T20:38:44 IST" duration-ms="8570723">
      <class name="scripts.CreateUser">
        <test-method is-config="true" signature="openApp(java.lang.String)[pri:0, instance:scripts.CreateUser@2a5c8d3f]" started-at="2025-12-07T18:15:54 IST" name="openApp" finished-at="2025-12-07T18:16:09 IST" duration-ms="15650" status="PASS">
          <params>
            <param index="0">
              <value>
                <![CDATA[chrome]]>
              </value>
            </param>
          </params>
          <reporter-output>
          </reporter-output>
        </test-method> <!-- openApp -->
        <test-method signature="tc4()[pri:4, instance:scripts.CreateUser@2a5c8d3f]" started-at="2025-12-07T18:16:09 IST" name="tc4" finished-at="2025-12-07T18:17:15 IST" duration-ms="65343" status="PASS">
          <reporter-output>
          </reporter-output>
        </test-method> <!-- tc4 -->
        <test-method is-config="true" signature="closeApp(org.testng.ITestResult)[pri:0, instance:scripts.CreateUser@2a5c8d3f]" started-at="2025-12-07T18:17:15 IST" name="closeApp" finished-at="2025-12-07T18:17:16 IST" duration-ms="1787" status="PASS">
          <params>
            <param index="0">
              <value>
                <![CDATA[[TestResult name=tc4 status=SUCCESS method=CreateUser.tc4()[pri:4, instance:scripts.CreateUser@2a5c8d3f] output={null}]]]>
              </value>
            </param>
          </params>
          <reporter-output>
          </reporter-output>
        </test-method> <!-- closeApp -->
      </class> <!-- scripts.CreateUser -->
      <class name="scripts.CreateCountryFilter">
        <test-method is-config="true" signature="openApp(java.lang.String)[pri:0, instance:scripts.CreateCountryFilter@4c12331b]" started-at="2025-12-07T18:15:54 IST" name="openApp" finished-at="2025-12-07T20:38:26 IST" duration-ms="8552736" status="PASS">
          <params>
            <param index="0">
              <value>
                <![CDATA[chrome]]>
              </value>
            </param>
          </params>
          <reporter-output>
          </reporter-output>
        </test-method> <!-- openApp -->
        <test-method signature="tc1()[pri:1, instance:scripts.CreateCountryFilter@4c12331b]" started-at="2025-12-07T20:38:26 IST" name="tc1" finished-at="2025-12-07T20:38:42 IST" duration-ms="16165" status="PASS">
          <reporter-output>
          </reporter-output>
        </test-method> <!-- tc1 -->
        <test-method is-config="true" signature="closeApp(org.testng.ITestResult)[pri:0, instance:scripts.CreateCountryFilter@4c12331b]" started-at="2025-12-07T20:38:42 IST" name="closeApp" finished-at="2025-12-07T20:38:44 IST" duration-ms="1761" status="PASS">
          <params>
            <param index="0">
              <value>
                <![CDATA[[TestResult name=tc1 status=SUCCESS method=CreateCountryFilter.tc1()[pri:1, instance:scripts.CreateCountryFilter@4c12331b] output={null}]]]>
              </value>
            </param>
          </params>
          <reporter-output>
          </reporter-output>
        </test-method> <!-- closeApp -->
      </class> <!-- scripts.CreateCountryFilter -->
      <class name="scripts.CreateCityFilter">
        <test-method is-config="true" signature="openApp(java.lang.String)[pri:0, instance:scripts.CreateCityFilter@3a52dba3]" started-at="2025-12-07T18:15:54 IST" name="openApp" finished-at="2025-12-07T18:16:13 IST" duration-ms="19776" status="PASS">
          <params>
            <param index="0">
              <value>
                <![CDATA[chrome]]>
              </value>
            </param>
          </params>
          <reporter-output>
          </reporter-output>
        </test-method> <!-- openApp -->
        <test-method signature="tc2()[pri:3, instance:scripts.CreateCityFilter@3a52dba3]" started-at="2025-12-07T18:16:13 IST" name="tc2" finished-at="2025-12-07T18:16:28 IST" duration-ms="15127" status="PASS">
          <reporter-output>
          </reporter-output>
        </test-method> <!-- tc2 -->
        <test-method is-config="true" signature="closeApp(org.testng.ITestResult)[pri:0, instance:scripts.CreateCityFilter@3a52dba3]" started-at="2025-12-07T18:16:28 IST" name="closeApp" finished-at="2025-12-07T18:16:30 IST" duration-ms="1964" status="PASS">
          <params>
            <param index="0">
              <value>
                <![CDATA[[TestResult name=tc2 status=SUCCESS method=CreateCityFilter.tc2()[pri:3, instance:scripts.CreateCityFilter@3a52dba3] output={null}]]]>
              </value>
            </param>
          </params>
          <reporter-output>
          </reporter-output>
        </test-method> <!-- closeApp -->
      </class> <!-- scripts.CreateCityFilter -->
      <class name="scripts.CreateStateFilter">
        <test-method is-config="true" signature="openApp(java.lang.String)[pri:0, instance:scripts.CreateStateFilter@24aed80c]" started-at="2025-12-07T18:15:54 IST" name="openApp" finished-at="2025-12-07T18:16:13 IST" duration-ms="19397" status="PASS">
          <params>
            <param index="0">
              <value>
                <![CDATA[chrome]]>
              </value>
            </param>
          </params>
          <reporter-output>
          </reporter-output>
        </test-method> <!-- openApp -->
        <test-method signature="tc2()[pri:2, instance:scripts.CreateStateFilter@24aed80c]" started-at="2025-12-07T18:16:13 IST" name="tc2" finished-at="2025-12-07T18:16:28 IST" duration-ms="15083" status="PASS">
          <reporter-output>
          </reporter-output>
        </test-method> <!-- tc2 -->
        <test-method is-config="true" signature="closeApp(org.testng.ITestResult)[pri:0, instance:scripts.CreateStateFilter@24aed80c]" started-at="2025-12-07T18:16:28 IST" name="closeApp" finished-at="2025-12-07T18:16:30 IST" duration-ms="2302" status="PASS">
          <params>
            <param index="0">
              <value>
                <![CDATA[[TestResult name=tc2 status=SUCCESS method=CreateStateFilter.tc2()[pri:2, instance:scripts.CreateStateFilter@24aed80c] output={null}]]]>
              </value>
            </param>
          </params>
          <reporter-output>
          </reporter-output>
        </test-method> <!-- closeApp -->
      </class> <!-- scripts.CreateStateFilter -->
      <class name="scripts.DOB">
        <test-method is-config="true" signature="openApp(java.lang.String)[pri:0, instance:scripts.DOB@752325ad]" started-at="2025-12-07T18:15:54 IST" name="openApp" finished-at="2025-12-07T18:16:10 IST" duration-ms="16971" status="PASS">
          <params>
            <param index="0">
              <value>
                <![CDATA[chrome]]>
              </value>
            </param>
          </params>
          <reporter-output>
          </reporter-output>
        </test-method> <!-- openApp -->
        <test-method signature="cal()[pri:0, instance:scripts.DOB@752325ad]" started-at="2025-12-07T18:16:10 IST" name="cal" finished-at="2025-12-07T18:16:38 IST" duration-ms="27469" status="PASS">
          <reporter-output>
          </reporter-output>
        </test-method> <!-- cal -->
        <test-method is-config="true" signature="closeApp(org.testng.ITestResult)[pri:0, instance:scripts.DOB@752325ad]" started-at="2025-12-07T18:16:38 IST" name="closeApp" finished-at="2025-12-07T18:16:40 IST" duration-ms="1898" status="PASS">
          <params>
            <param index="0">
              <value>
                <![CDATA[[TestResult name=cal status=SUCCESS method=DOB.cal()[pri:0, instance:scripts.DOB@752325ad] output={null}]]]>
              </value>
            </param>
          </params>
          <reporter-output>
          </reporter-output>
        </test-method> <!-- closeApp -->
      </class> <!-- scripts.DOB -->
    </test> <!-- Test1 -->
  </suite> <!-- Suite -->
</testng-results>
