<?xml version="1.0" encoding="UTF-8"?>
<testng-results ignored="0" total="4" passed="4" failed="0" skipped="0">
  <reporter-output>
  </reporter-output>
  <suite started-at="2025-08-20T21:52:14 IST" name="Suite" finished-at="2025-08-20T21:53:47 IST" duration-ms="92996">
    <groups>
    </groups>
    <test started-at="2025-08-20T21:52:14 IST" name="Test1" finished-at="2025-08-20T21:53:47 IST" duration-ms="92996">
      <class name="scripts.CreateUser">
        <test-method is-config="true" signature="openApp(java.lang.String)[pri:0, instance:scripts.CreateUser@279fedbd]" started-at="2025-08-20T21:52:15 IST" name="openApp" finished-at="2025-08-20T21:52:22 IST" duration-ms="7103" status="PASS">
          <params>
            <param index="0">
              <value>
                <![CDATA[chrome]]>
              </value>
            </param>
          </params>
          <reporter-output>
          </reporter-output>
        </test-method> <!-- openApp -->
        <test-method signature="tc4()[pri:4, instance:scripts.CreateUser@279fedbd]" started-at="2025-08-20T21:52:22 IST" name="tc4" finished-at="2025-08-20T21:53:47 IST" duration-ms="85283" status="PASS">
          <reporter-output>
          </reporter-output>
        </test-method> <!-- tc4 -->
        <test-method is-config="true" signature="closeApp(org.testng.ITestResult)[pri:0, instance:scripts.CreateUser@279fedbd]" started-at="2025-08-20T21:53:47 IST" name="closeApp" finished-at="2025-08-20T21:53:47 IST" duration-ms="526" status="PASS">
          <params>
            <param index="0">
              <value>
                <![CDATA[[TestResult name=tc4 status=SUCCESS method=CreateUser.tc4()[pri:4, instance:scripts.CreateUser@279fedbd] output={null}]]]>
              </value>
            </param>
          </params>
          <reporter-output>
          </reporter-output>
        </test-method> <!-- closeApp -->
      </class> <!-- scripts.CreateUser -->
      <class name="scripts.CreateCountryFilter">
        <test-method is-config="true" signature="openApp(java.lang.String)[pri:0, instance:scripts.CreateCountryFilter@3b69e7d1]" started-at="2025-08-20T21:52:15 IST" name="openApp" finished-at="2025-08-20T21:52:25 IST" duration-ms="10478" status="PASS">
          <params>
            <param index="0">
              <value>
                <![CDATA[chrome]]>
              </value>
            </param>
          </params>
          <reporter-output>
          </reporter-output>
        </test-method> <!-- openApp -->
        <test-method signature="tc1()[pri:1, instance:scripts.CreateCountryFilter@3b69e7d1]" started-at="2025-08-20T21:52:25 IST" name="tc1" finished-at="2025-08-20T21:52:45 IST" duration-ms="20142" status="PASS">
          <reporter-output>
          </reporter-output>
        </test-method> <!-- tc1 -->
        <test-method is-config="true" signature="closeApp(org.testng.ITestResult)[pri:0, instance:scripts.CreateCountryFilter@3b69e7d1]" started-at="2025-08-20T21:52:45 IST" name="closeApp" finished-at="2025-08-20T21:52:46 IST" duration-ms="699" status="PASS">
          <params>
            <param index="0">
              <value>
                <![CDATA[[TestResult name=tc1 status=SUCCESS method=CreateCountryFilter.tc1()[pri:1, instance:scripts.CreateCountryFilter@3b69e7d1] output={null}]]]>
              </value>
            </param>
          </params>
          <reporter-output>
          </reporter-output>
        </test-method> <!-- closeApp -->
      </class> <!-- scripts.CreateCountryFilter -->
      <class name="scripts.CreateStateFilter">
        <test-method is-config="true" signature="openApp(java.lang.String)[pri:0, instance:scripts.CreateStateFilter@2a5c8d3f]" started-at="2025-08-20T21:52:15 IST" name="openApp" finished-at="2025-08-20T21:52:35 IST" duration-ms="20296" status="PASS">
          <params>
            <param index="0">
              <value>
                <![CDATA[chrome]]>
              </value>
            </param>
          </params>
          <reporter-output>
          </reporter-output>
        </test-method> <!-- openApp -->
        <test-method signature="tc2()[pri:2, instance:scripts.CreateStateFilter@2a5c8d3f]" started-at="2025-08-20T21:52:35 IST" name="tc2" finished-at="2025-08-20T21:53:00 IST" duration-ms="25006" status="PASS">
          <reporter-output>
          </reporter-output>
        </test-method> <!-- tc2 -->
        <test-method is-config="true" signature="closeApp(org.testng.ITestResult)[pri:0, instance:scripts.CreateStateFilter@2a5c8d3f]" started-at="2025-08-20T21:53:00 IST" name="closeApp" finished-at="2025-08-20T21:53:00 IST" duration-ms="562" status="PASS">
          <params>
            <param index="0">
              <value>
                <![CDATA[[TestResult name=tc2 status=SUCCESS method=CreateStateFilter.tc2()[pri:2, instance:scripts.CreateStateFilter@2a5c8d3f] output={null}]]]>
              </value>
            </param>
          </params>
          <reporter-output>
          </reporter-output>
        </test-method> <!-- closeApp -->
      </class> <!-- scripts.CreateStateFilter -->
      <class name="scripts.CreateCityFilter">
        <test-method is-config="true" signature="openApp(java.lang.String)[pri:0, instance:scripts.CreateCityFilter@752325ad]" started-at="2025-08-20T21:52:15 IST" name="openApp" finished-at="2025-08-20T21:52:22 IST" duration-ms="7229" status="PASS">
          <params>
            <param index="0">
              <value>
                <![CDATA[chrome]]>
              </value>
            </param>
          </params>
          <reporter-output>
          </reporter-output>
        </test-method> <!-- openApp -->
        <test-method signature="tc2()[pri:3, instance:scripts.CreateCityFilter@752325ad]" started-at="2025-08-20T21:52:22 IST" name="tc2" finished-at="2025-08-20T21:52:52 IST" duration-ms="30195" status="PASS">
          <reporter-output>
          </reporter-output>
        </test-method> <!-- tc2 -->
        <test-method is-config="true" signature="closeApp(org.testng.ITestResult)[pri:0, instance:scripts.CreateCityFilter@752325ad]" started-at="2025-08-20T21:52:52 IST" name="closeApp" finished-at="2025-08-20T21:52:54 IST" duration-ms="2258" status="PASS">
          <params>
            <param index="0">
              <value>
                <![CDATA[[TestResult name=tc2 status=SUCCESS method=CreateCityFilter.tc2()[pri:3, instance:scripts.CreateCityFilter@752325ad] output={null}]]]>
              </value>
            </param>
          </params>
          <reporter-output>
          </reporter-output>
        </test-method> <!-- closeApp -->
      </class> <!-- scripts.CreateCityFilter -->
    </test> <!-- Test1 -->
  </suite> <!-- Suite -->
</testng-results>
