<?xml version="1.0" encoding="UTF-8"?>
<testng-results ignored="0" total="5" passed="5" failed="0" skipped="0">
  <reporter-output>
  </reporter-output>
  <suite started-at="2025-12-07T18:18:16 IST" name="Suite" finished-at="2025-12-07T18:21:33 IST" duration-ms="196741">
    <groups>
    </groups>
    <test started-at="2025-12-07T18:18:16 IST" name="Test1" finished-at="2025-12-07T18:21:33 IST" duration-ms="196741">
      <class name="scripts.CreateUser">
        <test-method is-config="true" signature="openApp(java.lang.String)[pri:0, instance:scripts.CreateUser@2a5c8d3f]" started-at="2025-12-07T18:19:39 IST" name="openApp" finished-at="2025-12-07T18:19:49 IST" duration-ms="9687" status="PASS">
          <params>
            <param index="0">
              <value>
                <![CDATA[chrome]]>
              </value>
            </param>
          </params>
          <reporter-output>
          </reporter-output>
        </test-method> <!-- openApp -->
        <test-method signature="tc4()[pri:4, instance:scripts.CreateUser@2a5c8d3f]" started-at="2025-12-07T18:19:49 IST" name="tc4" finished-at="2025-12-07T18:20:50 IST" duration-ms="61128" status="PASS">
          <reporter-output>
          </reporter-output>
        </test-method> <!-- tc4 -->
        <test-method is-config="true" signature="closeApp(org.testng.ITestResult)[pri:0, instance:scripts.CreateUser@2a5c8d3f]" started-at="2025-12-07T18:20:50 IST" name="closeApp" finished-at="2025-12-07T18:20:52 IST" duration-ms="1783" status="PASS">
          <params>
            <param index="0">
              <value>
                <![CDATA[[TestResult name=tc4 status=SUCCESS method=CreateUser.tc4()[pri:4, instance:scripts.CreateUser@2a5c8d3f] output={null}]]]>
              </value>
            </param>
          </params>
          <reporter-output>
          </reporter-output>
        </test-method> <!-- closeApp -->
      </class> <!-- scripts.CreateUser -->
      <class name="scripts.CreateCountryFilter">
        <test-method is-config="true" signature="openApp(java.lang.String)[pri:0, instance:scripts.CreateCountryFilter@4c12331b]" started-at="2025-12-07T18:18:16 IST" name="openApp" finished-at="2025-12-07T18:18:28 IST" duration-ms="11755" status="PASS">
          <params>
            <param index="0">
              <value>
                <![CDATA[chrome]]>
              </value>
            </param>
          </params>
          <reporter-output>
          </reporter-output>
        </test-method> <!-- openApp -->
        <test-method signature="tc1()[pri:1, instance:scripts.CreateCountryFilter@4c12331b]" started-at="2025-12-07T18:18:28 IST" name="tc1" finished-at="2025-12-07T18:18:44 IST" duration-ms="16146" status="PASS">
          <reporter-output>
          </reporter-output>
        </test-method> <!-- tc1 -->
        <test-method is-config="true" signature="closeApp(org.testng.ITestResult)[pri:0, instance:scripts.CreateCountryFilter@4c12331b]" started-at="2025-12-07T18:18:44 IST" name="closeApp" finished-at="2025-12-07T18:18:46 IST" duration-ms="1761" status="PASS">
          <params>
            <param index="0">
              <value>
                <![CDATA[[TestResult name=tc1 status=SUCCESS method=CreateCountryFilter.tc1()[pri:1, instance:scripts.CreateCountryFilter@4c12331b] output={null}]]]>
              </value>
            </param>
          </params>
          <reporter-output>
          </reporter-output>
        </test-method> <!-- closeApp -->
      </class> <!-- scripts.CreateCountryFilter -->
      <class name="scripts.CreateCityFilter">
        <test-method is-config="true" signature="openApp(java.lang.String)[pri:0, instance:scripts.CreateCityFilter@3a52dba3]" started-at="2025-12-07T18:19:15 IST" name="openApp" finished-at="2025-12-07T18:19:24 IST" duration-ms="9577" status="PASS">
          <params>
            <param index="0">
              <value>
                <![CDATA[chrome]]>
              </value>
            </param>
          </params>
          <reporter-output>
          </reporter-output>
        </test-method> <!-- openApp -->
        <test-method signature="tc2()[pri:3, instance:scripts.CreateCityFilter@3a52dba3]" started-at="2025-12-07T18:19:24 IST" name="tc2" finished-at="2025-12-07T18:19:38 IST" duration-ms="13181" status="PASS">
          <reporter-output>
          </reporter-output>
        </test-method> <!-- tc2 -->
        <test-method is-config="true" signature="closeApp(org.testng.ITestResult)[pri:0, instance:scripts.CreateCityFilter@3a52dba3]" started-at="2025-12-07T18:19:38 IST" name="closeApp" finished-at="2025-12-07T18:19:39 IST" duration-ms="1831" status="PASS">
          <params>
            <param index="0">
              <value>
                <![CDATA[[TestResult name=tc2 status=SUCCESS method=CreateCityFilter.tc2()[pri:3, instance:scripts.CreateCityFilter@3a52dba3] output={null}]]]>
              </value>
            </param>
          </params>
          <reporter-output>
          </reporter-output>
        </test-method> <!-- closeApp -->
      </class> <!-- scripts.CreateCityFilter -->
      <class name="scripts.CreateStateFilter">
        <test-method is-config="true" signature="openApp(java.lang.String)[pri:0, instance:scripts.CreateStateFilter@24aed80c]" started-at="2025-12-07T18:18:46 IST" name="openApp" finished-at="2025-12-07T18:19:00 IST" duration-ms="14190" status="PASS">
          <params>
            <param index="0">
              <value>
                <![CDATA[chrome]]>
              </value>
            </param>
          </params>
          <reporter-output>
          </reporter-output>
        </test-method> <!-- openApp -->
        <test-method signature="tc2()[pri:2, instance:scripts.CreateStateFilter@24aed80c]" started-at="2025-12-07T18:19:00 IST" name="tc2" finished-at="2025-12-07T18:19:13 IST" duration-ms="12941" status="PASS">
          <reporter-output>
          </reporter-output>
        </test-method> <!-- tc2 -->
        <test-method is-config="true" signature="closeApp(org.testng.ITestResult)[pri:0, instance:scripts.CreateStateFilter@24aed80c]" started-at="2025-12-07T18:19:13 IST" name="closeApp" finished-at="2025-12-07T18:19:15 IST" duration-ms="1820" status="PASS">
          <params>
            <param index="0">
              <value>
                <![CDATA[[TestResult name=tc2 status=SUCCESS method=CreateStateFilter.tc2()[pri:2, instance:scripts.CreateStateFilter@24aed80c] output={null}]]]>
              </value>
            </param>
          </params>
          <reporter-output>
          </reporter-output>
        </test-method> <!-- closeApp -->
      </class> <!-- scripts.CreateStateFilter -->
      <class name="scripts.DOB">
        <test-method is-config="true" signature="openApp(java.lang.String)[pri:0, instance:scripts.DOB@752325ad]" started-at="2025-12-07T18:20:52 IST" name="openApp" finished-at="2025-12-07T18:21:07 IST" duration-ms="15196" status="PASS">
          <params>
            <param index="0">
              <value>
                <![CDATA[chrome]]>
              </value>
            </param>
          </params>
          <reporter-output>
          </reporter-output>
        </test-method> <!-- openApp -->
        <test-method signature="cal()[pri:0, instance:scripts.DOB@752325ad]" started-at="2025-12-07T18:21:07 IST" name="cal" finished-at="2025-12-07T18:21:31 IST" duration-ms="23879" status="PASS">
          <reporter-output>
          </reporter-output>
        </test-method> <!-- cal -->
        <test-method is-config="true" signature="closeApp(org.testng.ITestResult)[pri:0, instance:scripts.DOB@752325ad]" started-at="2025-12-07T18:21:31 IST" name="closeApp" finished-at="2025-12-07T18:21:33 IST" duration-ms="1800" status="PASS">
          <params>
            <param index="0">
              <value>
                <![CDATA[[TestResult name=cal status=SUCCESS method=DOB.cal()[pri:0, instance:scripts.DOB@752325ad] output={null}]]]>
              </value>
            </param>
          </params>
          <reporter-output>
          </reporter-output>
        </test-method> <!-- closeApp -->
      </class> <!-- scripts.DOB -->
    </test> <!-- Test1 -->
  </suite> <!-- Suite -->
</testng-results>
